c:\users\hz\desktop\钟宝_寻仙记\paladin\paladin\debug\vc120.pdb
c:\users\hz\desktop\钟宝_寻仙记\paladin\paladin\debug\vc120.idb
c:\users\hz\desktop\钟宝_寻仙记\paladin\paladin\debug\cqiudao.obj
c:\users\hz\desktop\钟宝_寻仙记\paladin\paladin\debug\crole.obj
c:\users\hz\desktop\钟宝_寻仙记\paladin\paladin\debug\csackcloth.obj
c:\users\hz\desktop\钟宝_寻仙记\paladin\paladin\debug\cscene.obj
c:\users\hz\desktop\钟宝_寻仙记\paladin\paladin\debug\cscenedirector.obj
c:\users\hz\desktop\钟宝_寻仙记\paladin\paladin\debug\cscenefactory.obj
c:\users\hz\desktop\钟宝_寻仙记\paladin\paladin\debug\cselectedcursor.obj
c:\users\hz\desktop\钟宝_寻仙记\paladin\paladin\debug\csword.obj
c:\users\hz\desktop\钟宝_寻仙记\paladin\paladin\debug\ctaskbase.obj
c:\users\hz\desktop\钟宝_寻仙记\paladin\paladin\debug\ctaskdirector.obj
c:\users\hz\desktop\钟宝_寻仙记\paladin\paladin\debug\cutils.obj
c:\users\hz\desktop\钟宝_寻仙记\paladin\paladin\debug\cweapon.obj
c:\users\hz\desktop\钟宝_寻仙记\paladin\paladin\debug\cwelcomescene.obj
c:\users\hz\desktop\钟宝_寻仙记\paladin\paladin\debug\cwhips.obj
c:\users\hz\desktop\钟宝_寻仙记\paladin\paladin\debug\cyahui.obj
c:\users\hz\desktop\钟宝_寻仙记\paladin\paladin\debug\main.obj
c:\users\hz\desktop\钟宝_寻仙记\paladin\paladin\debug\tinystr.obj
c:\users\hz\desktop\钟宝_寻仙记\paladin\paladin\debug\tinyxml.obj
c:\users\hz\desktop\钟宝_寻仙记\paladin\paladin\debug\tinyxmlerror.obj
c:\users\hz\desktop\钟宝_寻仙记\paladin\paladin\debug\tinyxmlparser.obj
c:\users\hz\desktop\钟宝_寻仙记\paladin\paladin\debug\cbirthscene.obj
c:\users\hz\desktop\钟宝_寻仙记\paladin\paladin\debug\cdevil.obj
c:\users\hz\desktop\钟宝_寻仙记\paladin\paladin\debug\cdog.obj
c:\users\hz\desktop\钟宝_寻仙记\paladin\paladin\debug\cdrug.obj
c:\users\hz\desktop\钟宝_寻仙记\paladin\paladin\debug\cfightdirector.obj
c:\users\hz\desktop\钟宝_寻仙记\paladin\paladin\debug\cfightscene.obj
c:\users\hz\desktop\钟宝_寻仙记\paladin\paladin\debug\cgamescene1.obj
c:\users\hz\desktop\钟宝_寻仙记\paladin\paladin\debug\cgamescene2.obj
c:\users\hz\desktop\钟宝_寻仙记\paladin\paladin\debug\cgamescene3.obj
c:\users\hz\desktop\钟宝_寻仙记\paladin\paladin\debug\cgarment.obj
c:\users\hz\desktop\钟宝_寻仙记\paladin\paladin\debug\chp.obj
c:\users\hz\desktop\钟宝_寻仙记\paladin\paladin\debug\cioricae.obj
c:\users\hz\desktop\钟宝_寻仙记\paladin\paladin\debug\citem.obj
c:\users\hz\desktop\钟宝_寻仙记\paladin\paladin\debug\citemfactory.obj
c:\users\hz\desktop\钟宝_寻仙记\paladin\paladin\debug\cmonster.obj
c:\users\hz\desktop\钟宝_寻仙记\paladin\paladin\debug\cmonsterfactory.obj
c:\users\hz\desktop\钟宝_寻仙记\paladin\paladin\debug\cmp.obj
c:\users\hz\desktop\钟宝_寻仙记\paladin\paladin\debug\cpig.obj
c:\users\hz\desktop\钟宝_寻仙记\paladin\paladin\debug\cplayer.obj
c:\users\hz\desktop\钟宝_寻仙记\paladin\paladin\debug\cposition.obj
c:\users\hz\desktop\钟宝_寻仙记\paladin\paladin\debug\capple.obj
c:\users\hz\desktop\钟宝_寻仙记\paladin\paladin\debug\cbagdirector.obj
c:\users\hz\desktop\钟宝_寻仙记\paladin\paladin\debug\cbagscene.obj
c:\users\hz\desktop\钟宝_寻仙记\paladin\paladin\debug\cbagunit.obj
c:\users\hz\desktop\钟宝_寻仙记\paladin\paladin\debug\cbaseperson.obj
c:\users\hz\desktop\钟宝_寻仙记\paladin\paladin\debug\paladin.tlog\cl.command.1.tlog
c:\users\hz\desktop\钟宝_寻仙记\paladin\paladin\debug\paladin.tlog\cl.read.1.tlog
c:\users\hz\desktop\钟宝_寻仙记\paladin\paladin\debug\paladin.tlog\cl.write.1.tlog
